SF:lib/src/models/user_entity.dart
DA:4,1
DA:22,0
DA:32,0
DA:33,0
LF:4
LH:1
end_of_record
SF:lib/src/repository/firebase_authentication.dart
DA:9,1
DA:15,1
DA:21,2
DA:26,0
DA:27,1
DA:28,1
DA:32,1
DA:38,2
DA:43,0
DA:44,1
DA:45,1
DA:49,0
DA:52,0
DA:53,0
DA:54,0
DA:58,0
DA:63,0
DA:64,0
DA:67,0
DA:69,0
DA:70,0
DA:71,0
DA:74,0
DA:76,0
DA:77,0
DA:78,0
DA:79,0
DA:80,0
DA:81,0
DA:82,0
DA:83,0
DA:88,0
DA:89,0
DA:93,0
DA:96,0
DA:98,0
DA:99,0
DA:100,0
DA:101,0
DA:102,0
DA:103,0
DA:104,0
DA:105,0
DA:111,0
DA:113,0
DA:116,0
DA:117,0
DA:118,0
DA:119,0
DA:120,0
DA:121,0
DA:122,0
DA:123,0
DA:127,1
DA:128,1
DA:129,1
DA:131,1
DA:133,1
DA:135,1
DA:137,1
DA:138,1
DA:140,1
DA:142,1
DA:144,1
LF:64
LH:20
end_of_record
